03:34 bilby INFO    : Loaded 69 posteriors
03:34 bilby INFO    : Using SmoothedPowerlawm2min from variable_qmin.
03:34 bilby INFO    : Created variable_qmin.SmoothedPowerlawm2min with arguments {}
03:34 bilby INFO    : Using iid_spin from gwpopulation.models.spin.
03:34 bilby INFO    : Using PowerLawRedshift from gwpopulation.models.redshift.
03:34 bilby INFO    : Created gwpopulation.models.redshift.PowerLawRedshift with arguments {'z_max': 1.9}
03:34 bilby INFO    : Using SmoothedPowerlawm2min from variable_qmin.
03:34 bilby INFO    : Created variable_qmin.SmoothedPowerlawm2min with arguments {}
03:34 bilby INFO    : Using PowerLawRedshift from gwpopulation.models.redshift.
03:34 bilby INFO    : Created gwpopulation.models.redshift.PowerLawRedshift with arguments {'z_max': 1.9}
03:34 bilby INFO    : Loading VT data from O1O2O3_powerlawm2min_prod_pqnorm_no190814_nlive50/data/injections.pkl.
03:34 bilby INFO    : Identified keys: delta_m, lam, mmin, alpha, mpp, gaussian_mass_maximum, gamma, mmax, beta, sigpp, amax, mu_chi, sigma_spin, beta_chi, alpha_chi, sigma_chi, xi_spin, lamb
03:35 bilby INFO    : Running for label 'bbh_mass_SmoothedPowerlawm2min_spin_iid_spin_redshift_powerlaw', output will be saved to 'O1O2O3_powerlawm2min_prod_pqnorm_no190814_nlive50/result'
/home/storm.colloms/.conda/envs/O4apop-jax/lib/python3.10/site-packages/_distutils_hack/__init__.py:26: UserWarning: Setuptools is replacing distutils.
  warnings.warn("Setuptools is replacing distutils.")
Traceback (most recent call last):
  File "/home/storm.colloms/.conda/envs/O4apop-jax/lib/python3.10/site-packages/bilby/core/sampler/base_sampler.py", line 329, in _verify_external_sampler
    __import__(external_sampler_name)
ModuleNotFoundError: No module named 'nestle'

During handling of the above exception, another exception occurred:

Traceback (most recent call last):
  File "/var/lib/condor/execute/dir_609974/gwpopulation_pipe_analysis", line 8, in <module>
    sys.exit(main())
  File "/home/storm.colloms/.conda/envs/O4apop-jax/lib/python3.10/site-packages/gwpopulation_pipe/data_analysis.py", line 544, in main
    result = run_sampler(
  File "/home/storm.colloms/.conda/envs/O4apop-jax/lib/python3.10/site-packages/bilby/core/sampler/__init__.py", line 264, in run_sampler
    sampler = sampler_class(
  File "/home/storm.colloms/.conda/envs/O4apop-jax/lib/python3.10/site-packages/bilby/core/sampler/base_sampler.py", line 247, in __init__
    self._verify_external_sampler()
  File "/home/storm.colloms/.conda/envs/O4apop-jax/lib/python3.10/site-packages/bilby/core/sampler/base_sampler.py", line 331, in _verify_external_sampler
    raise SamplerNotInstalledError(
bilby.core.sampler.base_sampler.SamplerNotInstalledError: Sampler nestle is not installed on this system
