08:13 bilby INFO    : Loaded 69 posteriors
08:13 bilby INFO    : Using SmoothedParabolam2min from variable_qmin.
08:13 bilby INFO    : Created variable_qmin.SmoothedParabolam2min with arguments {}
08:13 bilby INFO    : Using iid_spin from gwpopulation.models.spin.
08:13 bilby INFO    : Using PowerLawRedshift from gwpopulation.models.redshift.
08:13 bilby INFO    : Created gwpopulation.models.redshift.PowerLawRedshift with arguments {'z_max': 1.9}
08:13 bilby INFO    : Using SmoothedParabolam2min from variable_qmin.
08:13 bilby INFO    : Created variable_qmin.SmoothedParabolam2min with arguments {}
08:13 bilby INFO    : Using PowerLawRedshift from gwpopulation.models.redshift.
08:13 bilby INFO    : Created gwpopulation.models.redshift.PowerLawRedshift with arguments {'z_max': 1.9}
08:13 bilby INFO    : Loading VT data from O1O2O3_parabolam2min_prod_condgammazeta_no190814_pqnorm_linint/data/injections.pkl.
08:13 bilby INFO    : Identified keys: gaussian_mass_maximum, lam, mpp, beta, sigpp, zeta, alpha, gamma, delta_m, mmax, mmin, sigma_chi, mu_chi, sigma_spin, beta_chi, alpha_chi, xi_spin, amax, lamb
08:13 bilby INFO    : Running for label 'bbh_mass_SmoothedParabolam2min_spin_iid_spin_redshift_powerlaw', output will be saved to 'O1O2O3_parabolam2min_prod_condgammazeta_no190814_pqnorm_linint/result'
/home/storm.colloms/.conda/envs/O4apop-jax/lib/python3.10/site-packages/_distutils_hack/__init__.py:26: UserWarning: Setuptools is replacing distutils.
  warnings.warn("Setuptools is replacing distutils.")
08:13 bilby INFO    : Analysis priors:
08:13 bilby INFO    : alpha=Uniform(minimum=-4, maximum=12, name='alpha', latex_label='$\\alpha$', unit=None, boundary=None)
08:13 bilby INFO    : beta=Uniform(minimum=-2, maximum=7, name='beta', latex_label='$\\beta_{q}$', unit=None, boundary=None)
08:13 bilby INFO    : gamma=ConditionalUniform(condition_func='variable_qmin.gamma_CondPrior', name='gamma', latex_label='$\\gamma_{q}$', unit=None, boundary=None, minimum=-1, maximum=1)
08:13 bilby INFO    : mmax=Uniform(minimum=62, maximum=100, name='mmax', latex_label='$m_{\\max}$', unit=None, boundary=None)
08:13 bilby INFO    : mmin=Uniform(minimum=2, maximum=6, name='mmin', latex_label='$m_{\\min}$', unit=None, boundary=None)
08:13 bilby INFO    : zeta=ConditionalUniform(condition_func='variable_qmin.zeta_CondPrior', name=None, latex_label=None, unit=None, boundary=None, minimum=0, maximum=0.017094017094)
08:13 bilby INFO    : lam=Uniform(minimum=0, maximum=1, name='lambda', latex_label='$\\lambda_{m}$', unit=None, boundary=None)
08:13 bilby INFO    : mpp=Uniform(minimum=20, maximum=50, name='mpp', latex_label='$\\mu_{m}$', unit=None, boundary=None)
08:13 bilby INFO    : sigpp=Uniform(minimum=1, maximum=10, name='sigpp', latex_label='$\\sigma_{m}$', unit=None, boundary=None)
08:13 bilby INFO    : delta_m=Uniform(minimum=0, maximum=10, name='delta_m', latex_label='$\\delta_{m}$', unit=None, boundary=None)
08:13 bilby INFO    : mu_chi=Uniform(minimum=0, maximum=1, name='mu_chi', latex_label='$\\mu_{\\chi}$', unit=None, boundary=None)
08:13 bilby INFO    : sigma_chi=Uniform(minimum=0.005, maximum=0.25, name='sigma_chi', latex_label='$\\sigma^{2}_{\\chi}$', unit=None, boundary=None)
08:13 bilby INFO    : xi_spin=Uniform(minimum=0, maximum=1, name='xi_spin', latex_label='$\\zeta$', unit=None, boundary=None)
08:13 bilby INFO    : sigma_spin=Uniform(minimum=0.1, maximum=4.0, name='sigma_t', latex_label='$\\sigma_t$', unit=None, boundary=None)
08:13 bilby INFO    : lamb=Uniform(minimum=-2, maximum=8, name='lamb', latex_label='$\\lambda_z$', unit=None, boundary=None)
08:13 bilby INFO    : alpha_chi=Constraint(minimum=1, maximum=100000.0, name=None, latex_label=None, unit=None)
08:13 bilby INFO    : beta_chi=Constraint(minimum=1, maximum=100000.0, name=None, latex_label=None, unit=None)
08:13 bilby INFO    : amax=1.0
08:13 bilby INFO    : gaussian_mass_maximum=100.0
08:13 bilby INFO    : Analysis likelihood class: <class 'gwpopulation.experimental.jax.JittedLikelihood'>
08:13 bilby INFO    : Analysis likelihood noise evidence: nan
08:13 bilby INFO    : Single likelihood evaluation took nan s
Traceback (most recent call last):
  File "/home/storm.colloms/.conda/envs/O4apop-jax/lib/python3.10/site-packages/variable_qmin/__init__.py", line 489, in p_q
    if self.cache:
AttributeError: 'SmoothedParabolam2min' object has no attribute 'cache'

During handling of the above exception, another exception occurred:

jax.errors.SimplifiedTraceback: For simplicity, JAX has removed its internal frames from the traceback of the following exception. Set JAX_TRACEBACK_FILTERING=off to include these.

The above exception was the direct cause of the following exception:

Traceback (most recent call last):
  File "/var/lib/condor/execute/dir_227773/gwpopulation_pipe_analysis", line 8, in <module>
    sys.exit(main())
  File "/home/storm.colloms/.conda/envs/O4apop-jax/lib/python3.10/site-packages/gwpopulation_pipe/data_analysis.py", line 544, in main
    result = run_sampler(
  File "/home/storm.colloms/.conda/envs/O4apop-jax/lib/python3.10/site-packages/bilby/core/sampler/__init__.py", line 264, in run_sampler
    sampler = sampler_class(
  File "/home/storm.colloms/.conda/envs/O4apop-jax/lib/python3.10/site-packages/bilby/core/sampler/dynesty.py", line 221, in __init__
    super(Dynesty, self).__init__(
  File "/home/storm.colloms/.conda/envs/O4apop-jax/lib/python3.10/site-packages/bilby/core/sampler/base_sampler.py", line 264, in __init__
    self._verify_use_ratio()
  File "/home/storm.colloms/.conda/envs/O4apop-jax/lib/python3.10/site-packages/bilby/core/sampler/base_sampler.py", line 486, in _verify_use_ratio
    ratio_is_nan = np.isnan(self.likelihood.log_likelihood_ratio())
  File "/home/storm.colloms/.local/lib/python3.10/site-packages/gwpopulation/experimental/jax.py", line 61, in log_likelihood_ratio
    np.nan_to_num(self.likelihood_func(self.parameters, **self.kwargs))
  File "/home/storm.colloms/.local/lib/python3.10/site-packages/gwpopulation/experimental/jax.py", line 12, in generic_bilby_likelihood_function
    return likelihood.log_likelihood_ratio()
  File "/home/storm.colloms/.local/lib/python3.10/site-packages/gwpopulation/hyperpe.py", line 143, in log_likelihood_ratio
    ln_l, variance = self.ln_likelihood_and_variance()
  File "/home/storm.colloms/.local/lib/python3.10/site-packages/gwpopulation/hyperpe.py", line 133, in ln_likelihood_and_variance
    ln_bayes_factors, variances = self._compute_per_event_ln_bayes_factors()
  File "/home/storm.colloms/.local/lib/python3.10/site-packages/gwpopulation/hyperpe.py", line 160, in _compute_per_event_ln_bayes_factors
    weights = self.hyper_prior.prob(self.data) / self.sampling_prior
  File "/home/storm.colloms/.local/lib/python3.10/site-packages/gwpopulation/experimental/jax.py", line 40, in prob
    new_probability = function(data, **self._get_function_parameters(function))
  File "/home/storm.colloms/.conda/envs/O4apop-jax/lib/python3.10/site-packages/variable_qmin/__init__.py", line 472, in __call__
    p_q = self.p_q(dataset, beta=beta, mmax=mmax, mmin=mmin, delta_m=delta_m, gamma=gamma, zeta=zeta)
  File "/home/storm.colloms/.conda/envs/O4apop-jax/lib/python3.10/site-packages/variable_qmin/__init__.py", line 496, in p_q
    p_q /= self.norm_p_q(beta=beta, mmax=mmax, mmin=mmin, delta_m=delta_m, gamma=gamma, zeta=zeta)
  File "/home/storm.colloms/.conda/envs/O4apop-jax/lib/python3.10/site-packages/variable_qmin/__init__.py", line 515, in norm_p_q
    return self._q_interpolant(norms)
  File "/home/storm.colloms/.conda/envs/O4apop-jax/lib/python3.10/site-packages/cached_interpolate/interpolate.py", line 411, in __call__
    self._data = self.build()
  File "/home/storm.colloms/.conda/envs/O4apop-jax/lib/python3.10/site-packages/cached_interpolate/interpolate.py", line 347, in build
    np.diff(self.y_array) / np.diff(self.x_array),
  File "/home/storm.colloms/.conda/envs/O4apop-jax/lib/python3.10/site-packages/numpy/lib/function_base.py", line 1415, in diff
    a = asanyarray(a)
jax.errors.TracerArrayConversionError: The numpy.ndarray conversion method __array__() was called on traced array with shape float64[1000].
The error occurred while tracing the function generic_bilby_likelihood_function at /home/storm.colloms/.local/lib/python3.10/site-packages/gwpopulation/experimental/jax.py:9 for jit. This concrete value was not available in Python because it depends on the values of the arguments parameters['beta'], parameters['delta_m'], parameters['gamma'], parameters['mmin'], and parameters['zeta'].
See https://jax.readthedocs.io/en/latest/errors.html#jax.errors.TracerArrayConversionError
08:24 bilby INFO    : Loaded 69 posteriors
08:24 bilby INFO    : Using SmoothedParabolam2min from variable_qmin.
08:24 bilby INFO    : Created variable_qmin.SmoothedParabolam2min with arguments {}
08:24 bilby INFO    : Using iid_spin from gwpopulation.models.spin.
08:24 bilby INFO    : Using PowerLawRedshift from gwpopulation.models.redshift.
08:24 bilby INFO    : Created gwpopulation.models.redshift.PowerLawRedshift with arguments {'z_max': 1.9}
08:24 bilby INFO    : Using SmoothedParabolam2min from variable_qmin.
08:24 bilby INFO    : Created variable_qmin.SmoothedParabolam2min with arguments {}
08:24 bilby INFO    : Using PowerLawRedshift from gwpopulation.models.redshift.
08:24 bilby INFO    : Created gwpopulation.models.redshift.PowerLawRedshift with arguments {'z_max': 1.9}
08:24 bilby INFO    : Loading VT data from O1O2O3_parabolam2min_prod_condgammazeta_no190814_pqnorm_linint/data/injections.pkl.
08:24 bilby INFO    : Identified keys: lam, zeta, delta_m, mpp, mmax, gaussian_mass_maximum, beta, sigpp, gamma, mmin, alpha, mu_chi, sigma_chi, beta_chi, sigma_spin, xi_spin, alpha_chi, amax, lamb
08:25 bilby INFO    : Running for label 'bbh_mass_SmoothedParabolam2min_spin_iid_spin_redshift_powerlaw', output will be saved to 'O1O2O3_parabolam2min_prod_condgammazeta_no190814_pqnorm_linint/result'
/home/storm.colloms/.conda/envs/O4apop-jax/lib/python3.10/site-packages/_distutils_hack/__init__.py:26: UserWarning: Setuptools is replacing distutils.
  warnings.warn("Setuptools is replacing distutils.")
08:25 bilby INFO    : Analysis priors:
08:25 bilby INFO    : alpha=Uniform(minimum=-4, maximum=12, name='alpha', latex_label='$\\alpha$', unit=None, boundary=None)
08:25 bilby INFO    : beta=Uniform(minimum=-2, maximum=7, name='beta', latex_label='$\\beta_{q}$', unit=None, boundary=None)
08:25 bilby INFO    : gamma=ConditionalUniform(condition_func='variable_qmin.gamma_CondPrior', name='gamma', latex_label='$\\gamma_{q}$', unit=None, boundary=None, minimum=-1, maximum=1)
08:25 bilby INFO    : mmax=Uniform(minimum=62, maximum=100, name='mmax', latex_label='$m_{\\max}$', unit=None, boundary=None)
08:25 bilby INFO    : mmin=Uniform(minimum=2, maximum=6, name='mmin', latex_label='$m_{\\min}$', unit=None, boundary=None)
08:25 bilby INFO    : zeta=ConditionalUniform(condition_func='variable_qmin.zeta_CondPrior', name=None, latex_label=None, unit=None, boundary=None, minimum=0, maximum=0.017094017094)
08:25 bilby INFO    : lam=Uniform(minimum=0, maximum=1, name='lambda', latex_label='$\\lambda_{m}$', unit=None, boundary=None)
08:25 bilby INFO    : mpp=Uniform(minimum=20, maximum=50, name='mpp', latex_label='$\\mu_{m}$', unit=None, boundary=None)
08:25 bilby INFO    : sigpp=Uniform(minimum=1, maximum=10, name='sigpp', latex_label='$\\sigma_{m}$', unit=None, boundary=None)
08:25 bilby INFO    : delta_m=Uniform(minimum=0, maximum=10, name='delta_m', latex_label='$\\delta_{m}$', unit=None, boundary=None)
08:25 bilby INFO    : mu_chi=Uniform(minimum=0, maximum=1, name='mu_chi', latex_label='$\\mu_{\\chi}$', unit=None, boundary=None)
08:25 bilby INFO    : sigma_chi=Uniform(minimum=0.005, maximum=0.25, name='sigma_chi', latex_label='$\\sigma^{2}_{\\chi}$', unit=None, boundary=None)
08:25 bilby INFO    : xi_spin=Uniform(minimum=0, maximum=1, name='xi_spin', latex_label='$\\zeta$', unit=None, boundary=None)
08:25 bilby INFO    : sigma_spin=Uniform(minimum=0.1, maximum=4.0, name='sigma_t', latex_label='$\\sigma_t$', unit=None, boundary=None)
08:25 bilby INFO    : lamb=Uniform(minimum=-2, maximum=8, name='lamb', latex_label='$\\lambda_z$', unit=None, boundary=None)
08:25 bilby INFO    : alpha_chi=Constraint(minimum=1, maximum=100000.0, name=None, latex_label=None, unit=None)
08:25 bilby INFO    : beta_chi=Constraint(minimum=1, maximum=100000.0, name=None, latex_label=None, unit=None)
08:25 bilby INFO    : amax=1.0
08:25 bilby INFO    : gaussian_mass_maximum=100.0
08:25 bilby INFO    : Analysis likelihood class: <class 'gwpopulation.experimental.jax.JittedLikelihood'>
08:25 bilby INFO    : Analysis likelihood noise evidence: nan
08:25 bilby INFO    : Single likelihood evaluation took nan s
08:25 bilby INFO    : Using sampler Dynesty with kwargs {'nlive': 50, 'bound': 'live', 'sample': 'act-walk', 'periodic': None, 'reflective': None, 'update_interval': 600, 'first_update': None, 'npdim': None, 'rstate': None, 'queue_size': 1, 'pool': None, 'use_pool': None, 'live_points': None, 'logl_args': None, 'logl_kwargs': None, 'ptform_args': None, 'ptform_kwargs': None, 'gradient': None, 'grad_args': None, 'grad_kwargs': None, 'compute_jac': False, 'enlarge': None, 'bootstrap': None, 'walks': 5, 'facc': 0.2, 'slices': None, 'fmove': 0.9, 'max_move': 100, 'update_func': None, 'ncdim': None, 'blob': False, 'save_history': False, 'history_filename': None, 'maxiter': None, 'maxcall': None, 'dlogz': 0.1, 'logl_max': inf, 'n_effective': None, 'add_live': True, 'print_progress': True, 'print_func': <bound method Dynesty._print_func of <bilby.core.sampler.dynesty.Dynesty object at 0x1489b05ba680>>, 'save_bounds': False, 'checkpoint_file': None, 'checkpoint_every': 60, 'resume': False, 'seed': None}
08:25 bilby INFO    : Checkpoint every check_point_delta_t = 600s
08:25 bilby INFO    : Using dynesty version 2.1.3
08:25 bilby INFO    : Using the bilby-implemented act-walk sampling tracking the autocorrelation function and thinning by 2 with maximum length 10000
08:25 bilby INFO    : Reading resume file O1O2O3_parabolam2min_prod_condgammazeta_no190814_pqnorm_linint/result/bbh_mass_SmoothedParabolam2min_spin_iid_spin_redshift_powerlaw_resume.pickle
08:25 bilby WARNING : The resume file O1O2O3_parabolam2min_prod_condgammazeta_no190814_pqnorm_linint/result/bbh_mass_SmoothedParabolam2min_spin_iid_spin_redshift_powerlaw_resume.pickle is corrupted or the version of bilby has changed between runs. This resume file will be ignored.
08:25 bilby INFO    : Generating initial points from the prior
/home/storm.colloms/.conda/envs/O4apop-jax/lib/python3.10/site-packages/dynesty/sampler.py:756: UserWarning: The sampling was stopped short due to maxiter/maxcall limit the delta(log(z)) criterion is not achieved; posterior may be poorly sampled
  warnings.warn('The sampling was stopped short due to'
08:37 bilby INFO    : Written checkpoint file O1O2O3_parabolam2min_prod_condgammazeta_no190814_pqnorm_linint/result/bbh_mass_SmoothedParabolam2min_spin_iid_spin_redshift_powerlaw_resume.pickle
/home/storm.colloms/.conda/envs/O4apop-jax/lib/python3.10/site-packages/dynesty/sampler.py:756: UserWarning: The sampling was stopped short due to maxiter/maxcall limit the delta(log(z)) criterion is not achieved; posterior may be poorly sampled
  warnings.warn('The sampling was stopped short due to'
08:55 bilby INFO    : Written checkpoint file O1O2O3_parabolam2min_prod_condgammazeta_no190814_pqnorm_linint/result/bbh_mass_SmoothedParabolam2min_spin_iid_spin_redshift_powerlaw_resume.pickle
/home/storm.colloms/.conda/envs/O4apop-jax/lib/python3.10/site-packages/dynesty/sampler.py:756: UserWarning: The sampling was stopped short due to maxiter/maxcall limit the delta(log(z)) criterion is not achieved; posterior may be poorly sampled
  warnings.warn('The sampling was stopped short due to'
09:13 bilby INFO    : Written checkpoint file O1O2O3_parabolam2min_prod_condgammazeta_no190814_pqnorm_linint/result/bbh_mass_SmoothedParabolam2min_spin_iid_spin_redshift_powerlaw_resume.pickle
/home/storm.colloms/.conda/envs/O4apop-jax/lib/python3.10/site-packages/dynesty/sampler.py:756: UserWarning: The sampling was stopped short due to maxiter/maxcall limit the delta(log(z)) criterion is not achieved; posterior may be poorly sampled
  warnings.warn('The sampling was stopped short due to'
09:23 bilby INFO    : Written checkpoint file O1O2O3_parabolam2min_prod_condgammazeta_no190814_pqnorm_linint/result/bbh_mass_SmoothedParabolam2min_spin_iid_spin_redshift_powerlaw_resume.pickle
/home/storm.colloms/.conda/envs/O4apop-jax/lib/python3.10/site-packages/dynesty/sampler.py:756: UserWarning: The sampling was stopped short due to maxiter/maxcall limit the delta(log(z)) criterion is not achieved; posterior may be poorly sampled
  warnings.warn('The sampling was stopped short due to'
09:36 bilby INFO    : Written checkpoint file O1O2O3_parabolam2min_prod_condgammazeta_no190814_pqnorm_linint/result/bbh_mass_SmoothedParabolam2min_spin_iid_spin_redshift_powerlaw_resume.pickle
/home/storm.colloms/.conda/envs/O4apop-jax/lib/python3.10/site-packages/dynesty/sampler.py:756: UserWarning: The sampling was stopped short due to maxiter/maxcall limit the delta(log(z)) criterion is not achieved; posterior may be poorly sampled
  warnings.warn('The sampling was stopped short due to'
09:53 bilby INFO    : Written checkpoint file O1O2O3_parabolam2min_prod_condgammazeta_no190814_pqnorm_linint/result/bbh_mass_SmoothedParabolam2min_spin_iid_spin_redshift_powerlaw_resume.pickle
/home/storm.colloms/.conda/envs/O4apop-jax/lib/python3.10/site-packages/dynesty/sampler.py:756: UserWarning: The sampling was stopped short due to maxiter/maxcall limit the delta(log(z)) criterion is not achieved; posterior may be poorly sampled
  warnings.warn('The sampling was stopped short due to'
10:03 bilby INFO    : Written checkpoint file O1O2O3_parabolam2min_prod_condgammazeta_no190814_pqnorm_linint/result/bbh_mass_SmoothedParabolam2min_spin_iid_spin_redshift_powerlaw_resume.pickle
10:20 bilby INFO    : Written checkpoint file O1O2O3_parabolam2min_prod_condgammazeta_no190814_pqnorm_linint/result/bbh_mass_SmoothedParabolam2min_spin_iid_spin_redshift_powerlaw_resume.pickle
10:37 bilby INFO    : Written checkpoint file O1O2O3_parabolam2min_prod_condgammazeta_no190814_pqnorm_linint/result/bbh_mass_SmoothedParabolam2min_spin_iid_spin_redshift_powerlaw_resume.pickle
10:54 bilby INFO    : Written checkpoint file O1O2O3_parabolam2min_prod_condgammazeta_no190814_pqnorm_linint/result/bbh_mass_SmoothedParabolam2min_spin_iid_spin_redshift_powerlaw_resume.pickle
10:58 bilby INFO    : Written checkpoint file O1O2O3_parabolam2min_prod_condgammazeta_no190814_pqnorm_linint/result/bbh_mass_SmoothedParabolam2min_spin_iid_spin_redshift_powerlaw_resume.pickle
10:58 bilby INFO    : Rejection sampling nested samples to obtain 350 posterior samples
10:58 bilby INFO    : Sampling time: 2:32:56.402494
10:58 bilby INFO    : Summary of results:
nsamples: 350
ln_noise_evidence:    nan
ln_evidence:    nan +/-  0.600
ln_bayes_factor: -278.486 +/-  0.600

10:58 bilby INFO    : Computing rate posterior
10:59 bilby INFO    : Computing n effectives
10:59 bilby INFO    : Likelihood has no method 'per_event_bayes_factors_and_n_effective' skipping n_effective calculation.
10:59 bilby INFO    : Generating extra statistics
10:59 bilby INFO    : Resampling single event posteriors
  0%|          | 0/350 [00:00<?, ?it/s]  0%|          | 1/350 [00:03<19:35,  3.37s/it]  1%|          | 2/350 [00:03<08:32,  1.47s/it]  1%|          | 3/350 [00:03<05:00,  1.15it/s]  1%|          | 4/350 [00:03<03:21,  1.72it/s]  1%|▏         | 5/350 [00:03<02:26,  2.35it/s]  2%|▏         | 6/350 [00:04<01:53,  3.04it/s]  2%|▏         | 7/350 [00:04<01:32,  3.72it/s]  2%|▏         | 8/350 [00:04<01:18,  4.36it/s]  3%|▎         | 9/350 [00:04<01:09,  4.92it/s]  3%|▎         | 10/350 [00:04<01:03,  5.39it/s]  3%|▎         | 11/350 [00:04<00:58,  5.79it/s]  3%|▎         | 12/350 [00:04<00:55,  6.10it/s]  4%|▎         | 13/350 [00:05<00:53,  6.33it/s]  4%|▍         | 14/350 [00:05<00:51,  6.49it/s]  4%|▍         | 15/350 [00:05<00:50,  6.62it/s]  5%|▍         | 16/350 [00:05<00:49,  6.71it/s]  5%|▍         | 17/350 [00:05<00:49,  6.78it/s]  5%|▌         | 18/350 [00:05<00:48,  6.83it/s]  5%|▌         | 19/350 [00:05<00:48,  6.87it/s]  6%|▌         | 20/350 [00:06<00:47,  6.89it/s]  6%|▌         | 21/350 [00:06<00:48,  6.74it/s]  6%|▋         | 22/350 [00:06<00:48,  6.78it/s]  7%|▋         | 23/350 [00:06<00:47,  6.83it/s]  7%|▋         | 24/350 [00:06<00:47,  6.86it/s]  7%|▋         | 25/350 [00:06<00:47,  6.86it/s]  7%|▋         | 26/350 [00:06<00:47,  6.88it/s]  8%|▊         | 27/350 [00:07<00:46,  6.90it/s]  8%|▊         | 28/350 [00:07<00:46,  6.90it/s]  8%|▊         | 29/350 [00:07<00:47,  6.73it/s]  9%|▊         | 30/350 [00:07<00:47,  6.79it/s]  9%|▉         | 31/350 [00:07<00:46,  6.81it/s]  9%|▉         | 32/350 [00:07<00:46,  6.84it/s]  9%|▉         | 33/350 [00:08<00:46,  6.80it/s] 10%|▉         | 34/350 [00:08<00:46,  6.82it/s] 10%|█         | 35/350 [00:08<00:45,  6.86it/s] 10%|█         | 36/350 [00:08<00:45,  6.87it/s] 11%|█         | 37/350 [00:08<00:46,  6.75it/s] 11%|█         | 38/350 [00:08<00:45,  6.80it/s] 11%|█         | 39/350 [00:08<00:45,  6.84it/s] 11%|█▏        | 40/350 [00:09<00:45,  6.87it/s] 12%|█▏        | 41/350 [00:09<00:45,  6.82it/s] 12%|█▏        | 42/350 [00:09<00:44,  6.85it/s] 12%|█▏        | 43/350 [00:09<00:44,  6.88it/s] 13%|█▎        | 44/350 [00:09<00:44,  6.89it/s] 13%|█▎        | 45/350 [00:09<00:44,  6.80it/s] 13%|█▎        | 46/350 [00:09<00:44,  6.79it/s] 13%|█▎        | 47/350 [00:10<00:44,  6.83it/s] 14%|█▎        | 48/350 [00:10<00:44,  6.86it/s] 14%|█▍        | 49/350 [00:10<00:44,  6.77it/s] 14%|█▍        | 50/350 [00:10<00:44,  6.73it/s] 15%|█▍        | 51/350 [00:10<00:44,  6.79it/s] 15%|█▍        | 52/350 [00:10<00:43,  6.82it/s] 15%|█▌        | 53/350 [00:10<00:44,  6.68it/s] 15%|█▌        | 54/350 [00:11<00:43,  6.78it/s] 16%|█▌        | 55/350 [00:11<00:43,  6.82it/s] 16%|█▌        | 56/350 [00:11<00:42,  6.84it/s] 16%|█▋        | 57/350 [00:11<00:42,  6.85it/s] 17%|█▋        | 58/350 [00:11<00:42,  6.85it/s] 17%|█▋        | 59/350 [00:11<00:42,  6.87it/s] 17%|█▋        | 60/350 [00:11<00:42,  6.88it/s] 17%|█▋        | 61/350 [00:12<00:41,  6.88it/s] 18%|█▊        | 62/350 [00:12<00:41,  6.89it/s] 18%|█▊        | 63/350 [00:12<00:41,  6.90it/s] 18%|█▊        | 64/350 [00:12<00:41,  6.89it/s] 19%|█▊        | 65/350 [00:12<00:41,  6.86it/s] 19%|█▉        | 66/350 [00:12<00:41,  6.86it/s] 19%|█▉        | 67/350 [00:13<00:41,  6.86it/s] 19%|█▉        | 68/350 [00:13<00:41,  6.88it/s] 20%|█▉        | 69/350 [00:13<00:40,  6.89it/s] 20%|██        | 70/350 [00:13<00:40,  6.87it/s] 20%|██        | 71/350 [00:13<00:40,  6.86it/s] 21%|██        | 72/350 [00:13<00:40,  6.86it/s] 21%|██        | 73/350 [00:13<00:40,  6.87it/s] 21%|██        | 74/350 [00:14<00:40,  6.85it/s] 21%|██▏       | 75/350 [00:14<00:40,  6.87it/s] 22%|██▏       | 76/350 [00:14<00:39,  6.88it/s] 22%|██▏       | 77/350 [00:14<00:39,  6.89it/s] 22%|██▏       | 78/350 [00:14<00:39,  6.82it/s] 23%|██▎       | 79/350 [00:14<00:39,  6.80it/s] 23%|██▎       | 80/350 [00:14<00:39,  6.83it/s] 23%|██▎       | 81/350 [00:15<00:39,  6.84it/s] 23%|██▎       | 82/350 [00:15<00:39,  6.75it/s] 24%|██▎       | 83/350 [00:15<00:39,  6.76it/s] 24%|██▍       | 84/350 [00:15<00:39,  6.79it/s] 24%|██▍       | 85/350 [00:15<00:38,  6.83it/s] 25%|██▍       | 86/350 [00:15<00:38,  6.86it/s] 25%|██▍       | 87/350 [00:15<00:38,  6.89it/s] 25%|██▌       | 88/350 [00:16<00:38,  6.89it/s] 25%|██▌       | 89/350 [00:16<00:37,  6.91it/s] 26%|██▌       | 90/350 [00:16<00:38,  6.82it/s] 26%|██▌       | 91/350 [00:16<00:37,  6.85it/s] 26%|██▋       | 92/350 [00:16<00:37,  6.86it/s] 27%|██▋       | 93/350 [00:16<00:37,  6.88it/s] 27%|██▋       | 94/350 [00:16<00:37,  6.90it/s] 27%|██▋       | 95/350 [00:17<00:36,  6.91it/s] 27%|██▋       | 96/350 [00:17<00:36,  6.91it/s] 28%|██▊       | 97/350 [00:17<00:36,  6.92it/s] 28%|██▊       | 98/350 [00:17<00:36,  6.92it/s] 28%|██▊       | 99/350 [00:17<00:36,  6.88it/s] 29%|██▊       | 100/350 [00:17<00:36,  6.90it/s] 29%|██▉       | 101/350 [00:17<00:36,  6.91it/s] 29%|██▉       | 102/350 [00:18<00:35,  6.89it/s] 29%|██▉       | 103/350 [00:18<00:35,  6.86it/s] 30%|██▉       | 104/350 [00:18<00:36,  6.83it/s] 30%|███       | 105/350 [00:18<00:35,  6.86it/s] 30%|███       | 106/350 [00:18<00:35,  6.83it/s] 31%|███       | 107/350 [00:18<00:35,  6.81it/s] 31%|███       | 108/350 [00:18<00:35,  6.84it/s] 31%|███       | 109/350 [00:19<00:35,  6.86it/s] 31%|███▏      | 110/350 [00:19<00:35,  6.82it/s] 32%|███▏      | 111/350 [00:19<00:34,  6.84it/s] 32%|███▏      | 112/350 [00:19<00:34,  6.85it/s] 32%|███▏      | 113/350 [00:19<00:34,  6.80it/s] 33%|███▎      | 114/350 [00:19<00:34,  6.79it/s] 33%|███▎      | 115/350 [00:20<00:34,  6.77it/s] 33%|███▎      | 116/350 [00:20<00:34,  6.80it/s] 33%|███▎      | 117/350 [00:20<00:34,  6.83it/s] 34%|███▎      | 118/350 [00:20<00:33,  6.85it/s] 34%|███▍      | 119/350 [00:20<00:33,  6.86it/s] 34%|███▍      | 120/350 [00:20<00:33,  6.87it/s] 35%|███▍      | 121/350 [00:20<00:33,  6.89it/s] 35%|███▍      | 122/350 [00:21<00:33,  6.90it/s] 35%|███▌      | 123/350 [00:21<00:32,  6.90it/s] 35%|███▌      | 124/350 [00:21<00:32,  6.91it/s] 36%|███▌      | 125/350 [00:21<00:32,  6.90it/s] 36%|███▌      | 126/350 [00:21<00:32,  6.90it/s] 36%|███▋      | 127/350 [00:21<00:32,  6.90it/s] 37%|███▋      | 128/350 [00:21<00:32,  6.90it/s] 37%|███▋      | 129/350 [00:22<00:32,  6.90it/s] 37%|███▋      | 130/350 [00:22<00:31,  6.92it/s] 37%|███▋      | 131/350 [00:22<00:31,  6.92it/s] 38%|███▊      | 132/350 [00:22<00:31,  6.92it/s] 38%|███▊      | 133/350 [00:22<00:31,  6.87it/s] 38%|███▊      | 134/350 [00:22<00:31,  6.80it/s] 39%|███▊      | 135/350 [00:22<00:31,  6.76it/s] 39%|███▉      | 136/350 [00:23<00:31,  6.78it/s] 39%|███▉      | 137/350 [00:23<00:31,  6.83it/s] 39%|███▉      | 138/350 [00:23<00:31,  6.76it/s] 40%|███▉      | 139/350 [00:23<00:30,  6.81it/s] 40%|████      | 140/350 [00:23<00:30,  6.85it/s] 40%|████      | 141/350 [00:23<00:30,  6.88it/s] 41%|████      | 142/350 [00:23<00:30,  6.86it/s] 41%|████      | 143/350 [00:24<00:30,  6.90it/s] 41%|████      | 144/350 [00:24<00:29,  6.92it/s] 41%|████▏     | 145/350 [00:24<00:29,  6.90it/s] 42%|████▏     | 146/350 [00:24<00:29,  6.90it/s] 42%|████▏     | 147/350 [00:24<00:29,  6.91it/s] 42%|████▏     | 148/350 [00:24<00:29,  6.92it/s] 43%|████▎     | 149/350 [00:24<00:28,  6.93it/s] 43%|████▎     | 150/350 [00:25<00:28,  6.94it/s] 43%|████▎     | 151/350 [00:25<00:28,  6.94it/s] 43%|████▎     | 152/350 [00:25<00:28,  6.95it/s] 44%|████▎     | 153/350 [00:25<00:28,  6.95it/s] 44%|████▍     | 154/350 [00:25<00:28,  6.95it/s] 44%|████▍     | 155/350 [00:25<00:28,  6.95it/s] 45%|████▍     | 156/350 [00:25<00:27,  6.96it/s] 45%|████▍     | 157/350 [00:26<00:27,  6.95it/s] 45%|████▌     | 158/350 [00:26<00:27,  6.96it/s] 45%|████▌     | 159/350 [00:26<00:27,  6.95it/s] 46%|████▌     | 160/350 [00:26<00:27,  6.95it/s] 46%|████▌     | 161/350 [00:26<00:27,  6.94it/s] 46%|████▋     | 162/350 [00:26<00:27,  6.95it/s] 47%|████▋     | 163/350 [00:26<00:26,  6.95it/s] 47%|████▋     | 164/350 [00:27<00:26,  6.95it/s] 47%|████▋     | 165/350 [00:27<00:26,  6.95it/s] 47%|████▋     | 166/350 [00:27<00:26,  6.95it/s] 48%|████▊     | 167/350 [00:27<00:26,  6.95it/s] 48%|████▊     | 168/350 [00:27<00:26,  6.95it/s] 48%|████▊     | 169/350 [00:27<00:26,  6.95it/s] 49%|████▊     | 170/350 [00:27<00:25,  6.95it/s] 49%|████▉     | 171/350 [00:28<00:25,  6.95it/s] 49%|████▉     | 172/350 [00:28<00:25,  6.95it/s] 49%|████▉     | 173/350 [00:28<00:25,  6.94it/s] 50%|████▉     | 174/350 [00:28<00:25,  6.92it/s] 50%|█████     | 175/350 [00:28<00:25,  6.93it/s] 50%|█████     | 176/350 [00:28<00:25,  6.93it/s] 51%|█████     | 177/350 [00:28<00:24,  6.94it/s] 51%|█████     | 178/350 [00:29<00:24,  6.94it/s] 51%|█████     | 179/350 [00:29<00:24,  6.95it/s] 51%|█████▏    | 180/350 [00:29<00:24,  6.95it/s] 52%|█████▏    | 181/350 [00:29<00:24,  6.82it/s] 52%|█████▏    | 182/350 [00:29<00:24,  6.86it/s] 52%|█████▏    | 183/350 [00:29<00:24,  6.88it/s] 53%|█████▎    | 184/350 [00:29<00:24,  6.90it/s] 53%|█████▎    | 185/350 [00:30<00:23,  6.91it/s] 53%|█████▎    | 186/350 [00:30<00:23,  6.93it/s] 53%|█████▎    | 187/350 [00:30<00:23,  6.86it/s] 54%|█████▎    | 188/350 [00:30<00:23,  6.80it/s] 54%|█████▍    | 189/350 [00:30<00:23,  6.84it/s] 54%|█████▍    | 190/350 [00:30<00:23,  6.87it/s] 55%|█████▍    | 191/350 [00:31<00:23,  6.88it/s] 55%|█████▍    | 192/350 [00:31<00:22,  6.89it/s] 55%|█████▌    | 193/350 [00:31<00:22,  6.90it/s] 55%|█████▌    | 194/350 [00:31<00:22,  6.91it/s] 56%|█████▌    | 195/350 [00:31<00:22,  6.92it/s] 56%|█████▌    | 196/350 [00:31<00:22,  6.92it/s] 56%|█████▋    | 197/350 [00:31<00:22,  6.92it/s] 57%|█████▋    | 198/350 [00:32<00:21,  6.92it/s] 57%|█████▋    | 199/350 [00:32<00:21,  6.92it/s] 57%|█████▋    | 200/350 [00:32<00:21,  6.92it/s] 57%|█████▋    | 201/350 [00:32<00:21,  6.92it/s] 58%|█████▊    | 202/350 [00:32<00:21,  6.92it/s] 58%|█████▊    | 203/350 [00:32<00:21,  6.89it/s] 58%|█████▊    | 204/350 [00:32<00:21,  6.88it/s] 59%|█████▊    | 205/350 [00:33<00:21,  6.88it/s] 59%|█████▉    | 206/350 [00:33<00:20,  6.89it/s] 59%|█████▉    | 207/350 [00:33<00:20,  6.90it/s] 59%|█████▉    | 208/350 [00:33<00:20,  6.90it/s] 60%|█████▉    | 209/350 [00:33<00:20,  6.91it/s] 60%|██████    | 210/350 [00:33<00:20,  6.90it/s] 60%|██████    | 211/350 [00:33<00:20,  6.91it/s] 61%|██████    | 212/350 [00:34<00:19,  6.92it/s] 61%|██████    | 213/350 [00:34<00:19,  6.92it/s] 61%|██████    | 214/350 [00:34<00:19,  6.92it/s] 61%|██████▏   | 215/350 [00:34<00:19,  6.92it/s] 62%|██████▏   | 216/350 [00:34<00:19,  6.86it/s] 62%|██████▏   | 217/350 [00:34<00:19,  6.86it/s] 62%|██████▏   | 218/350 [00:34<00:19,  6.87it/s] 63%|██████▎   | 219/350 [00:35<00:19,  6.88it/s] 63%|██████▎   | 220/350 [00:35<00:18,  6.88it/s] 63%|██████▎   | 221/350 [00:35<00:18,  6.85it/s] 63%|██████▎   | 222/350 [00:35<00:18,  6.86it/s] 64%|██████▎   | 223/350 [00:35<00:18,  6.87it/s] 64%|██████▍   | 224/350 [00:35<00:18,  6.88it/s] 64%|██████▍   | 225/350 [00:35<00:18,  6.89it/s] 65%|██████▍   | 226/350 [00:36<00:17,  6.89it/s] 65%|██████▍   | 227/350 [00:36<00:17,  6.90it/s] 65%|██████▌   | 228/350 [00:36<00:17,  6.91it/s] 65%|██████▌   | 229/350 [00:36<00:17,  6.92it/s] 66%|██████▌   | 230/350 [00:36<00:17,  6.92it/s] 66%|██████▌   | 231/350 [00:36<00:17,  6.92it/s] 66%|██████▋   | 232/350 [00:36<00:17,  6.89it/s] 67%|██████▋   | 233/350 [00:37<00:16,  6.90it/s] 67%|██████▋   | 234/350 [00:37<00:16,  6.92it/s] 67%|██████▋   | 235/350 [00:37<00:16,  6.93it/s] 67%|██████▋   | 236/350 [00:37<00:16,  6.91it/s] 68%|██████▊   | 237/350 [00:37<00:16,  6.83it/s] 68%|██████▊   | 238/350 [00:37<00:16,  6.84it/s] 68%|██████▊   | 239/350 [00:37<00:16,  6.83it/s] 69%|██████▊   | 240/350 [00:38<00:16,  6.86it/s] 69%|██████▉   | 241/350 [00:38<00:15,  6.87it/s] 69%|██████▉   | 242/350 [00:38<00:15,  6.88it/s] 69%|██████▉   | 243/350 [00:38<00:15,  6.88it/s] 70%|██████▉   | 244/350 [00:38<00:15,  6.90it/s] 70%|███████   | 245/350 [00:38<00:15,  6.90it/s] 70%|███████   | 246/350 [00:38<00:15,  6.92it/s] 71%|███████   | 247/350 [00:39<00:14,  6.92it/s] 71%|███████   | 248/350 [00:39<00:14,  6.92it/s] 71%|███████   | 249/350 [00:39<00:14,  6.93it/s] 71%|███████▏  | 250/350 [00:39<00:14,  6.93it/s] 72%|███████▏  | 251/350 [00:39<00:14,  6.92it/s] 72%|███████▏  | 252/350 [00:39<00:14,  6.91it/s] 72%|███████▏  | 253/350 [00:40<00:14,  6.93it/s] 73%|███████▎  | 254/350 [00:40<00:13,  6.94it/s] 73%|███████▎  | 255/350 [00:40<00:13,  6.95it/s] 73%|███████▎  | 256/350 [00:40<00:13,  6.95it/s] 73%|███████▎  | 257/350 [00:40<00:13,  6.96it/s] 74%|███████▎  | 258/350 [00:40<00:13,  6.97it/s] 74%|███████▍  | 259/350 [00:40<00:13,  6.96it/s] 74%|███████▍  | 260/350 [00:41<00:12,  6.95it/s] 75%|███████▍  | 261/350 [00:41<00:12,  6.95it/s] 75%|███████▍  | 262/350 [00:41<00:12,  6.95it/s] 75%|███████▌  | 263/350 [00:41<00:12,  6.96it/s] 75%|███████▌  | 264/350 [00:41<00:12,  6.95it/s] 76%|███████▌  | 265/350 [00:41<00:12,  6.90it/s] 76%|███████▌  | 266/350 [00:41<00:12,  6.91it/s] 76%|███████▋  | 267/350 [00:42<00:11,  6.92it/s] 77%|███████▋  | 268/350 [00:42<00:11,  6.92it/s] 77%|███████▋  | 269/350 [00:42<00:11,  6.93it/s] 77%|███████▋  | 270/350 [00:42<00:11,  6.79it/s] 77%|███████▋  | 271/350 [00:42<00:11,  6.79it/s] 78%|███████▊  | 272/350 [00:42<00:11,  6.74it/s] 78%|███████▊  | 273/350 [00:42<00:11,  6.78it/s] 78%|███████▊  | 274/350 [00:43<00:11,  6.80it/s] 79%|███████▊  | 275/350 [00:43<00:10,  6.84it/s] 79%|███████▉  | 276/350 [00:43<00:10,  6.86it/s] 79%|███████▉  | 277/350 [00:43<00:10,  6.83it/s] 79%|███████▉  | 278/350 [00:43<00:10,  6.85it/s] 80%|███████▉  | 279/350 [00:43<00:10,  6.86it/s] 80%|████████  | 280/350 [00:43<00:10,  6.87it/s] 80%|████████  | 281/350 [00:44<00:10,  6.85it/s] 81%|████████  | 282/350 [00:44<00:09,  6.87it/s] 81%|████████  | 283/350 [00:44<00:09,  6.87it/s] 81%|████████  | 284/350 [00:44<00:09,  6.88it/s] 81%|████████▏ | 285/350 [00:44<00:09,  6.88it/s] 82%|████████▏ | 286/350 [00:44<00:09,  6.88it/s] 82%|████████▏ | 287/350 [00:44<00:09,  6.89it/s] 82%|████████▏ | 288/350 [00:45<00:08,  6.90it/s] 83%|████████▎ | 289/350 [00:45<00:08,  6.90it/s] 83%|████████▎ | 290/350 [00:45<00:08,  6.91it/s] 83%|████████▎ | 291/350 [00:45<00:08,  6.92it/s] 83%|████████▎ | 292/350 [00:45<00:08,  6.93it/s] 84%|████████▎ | 293/350 [00:45<00:08,  6.93it/s] 84%|████████▍ | 294/350 [00:45<00:08,  6.93it/s] 84%|████████▍ | 295/350 [00:46<00:07,  6.90it/s] 85%|████████▍ | 296/350 [00:46<00:07,  6.92it/s] 85%|████████▍ | 297/350 [00:46<00:07,  6.92it/s] 85%|████████▌ | 298/350 [00:46<00:07,  6.93it/s] 85%|████████▌ | 299/350 [00:46<00:07,  6.91it/s] 86%|████████▌ | 300/350 [00:46<00:07,  6.88it/s] 86%|████████▌ | 301/350 [00:46<00:07,  6.89it/s] 86%|████████▋ | 302/350 [00:47<00:06,  6.90it/s] 87%|████████▋ | 303/350 [00:47<00:06,  6.91it/s] 87%|████████▋ | 304/350 [00:47<00:06,  6.91it/s] 87%|████████▋ | 305/350 [00:47<00:06,  6.92it/s] 87%|████████▋ | 306/350 [00:47<00:06,  6.74it/s] 88%|████████▊ | 307/350 [00:47<00:06,  6.77it/s] 88%|████████▊ | 308/350 [00:47<00:06,  6.80it/s] 88%|████████▊ | 309/350 [00:48<00:06,  6.83it/s] 89%|████████▊ | 310/350 [00:48<00:05,  6.85it/s] 89%|████████▉ | 311/350 [00:48<00:05,  6.84it/s] 89%|████████▉ | 312/350 [00:48<00:05,  6.86it/s] 89%|████████▉ | 313/350 [00:48<00:05,  6.88it/s] 90%|████████▉ | 314/350 [00:48<00:05,  6.90it/s] 90%|█████████ | 315/350 [00:49<00:05,  6.90it/s] 90%|█████████ | 316/350 [00:49<00:05,  6.80it/s] 91%|█████████ | 317/350 [00:49<00:04,  6.81it/s] 91%|█████████ | 318/350 [00:49<00:04,  6.83it/s] 91%|█████████ | 319/350 [00:49<00:04,  6.83it/s] 91%|█████████▏| 320/350 [00:49<00:04,  6.83it/s] 92%|█████████▏| 321/350 [00:49<00:04,  6.83it/s] 92%|█████████▏| 322/350 [00:50<00:04,  6.83it/s] 92%|█████████▏| 323/350 [00:50<00:03,  6.85it/s] 93%|█████████▎| 324/350 [00:50<00:03,  6.87it/s] 93%|█████████▎| 325/350 [00:50<00:03,  6.87it/s] 93%|█████████▎| 326/350 [00:50<00:03,  6.89it/s] 93%|█████████▎| 327/350 [00:50<00:03,  6.91it/s] 94%|█████████▎| 328/350 [00:50<00:03,  6.93it/s] 94%|█████████▍| 329/350 [00:51<00:03,  6.93it/s] 94%|█████████▍| 330/350 [00:51<00:02,  6.93it/s] 95%|█████████▍| 331/350 [00:51<00:02,  6.93it/s] 95%|█████████▍| 332/350 [00:51<00:02,  6.79it/s] 95%|█████████▌| 333/350 [00:51<00:02,  6.84it/s] 95%|█████████▌| 334/350 [00:51<00:02,  6.85it/s] 96%|█████████▌| 335/350 [00:51<00:02,  6.87it/s] 96%|█████████▌| 336/350 [00:52<00:02,  6.88it/s] 96%|█████████▋| 337/350 [00:52<00:01,  6.88it/s] 97%|█████████▋| 338/350 [00:52<00:01,  6.89it/s] 97%|█████████▋| 339/350 [00:52<00:01,  6.90it/s] 97%|█████████▋| 340/350 [00:52<00:01,  6.88it/s] 97%|█████████▋| 341/350 [00:52<00:01,  6.87it/s] 98%|█████████▊| 342/350 [00:52<00:01,  6.88it/s] 98%|█████████▊| 343/350 [00:53<00:01,  6.89it/s] 98%|█████████▊| 344/350 [00:53<00:00,  6.90it/s] 99%|█████████▊| 345/350 [00:53<00:00,  6.91it/s] 99%|█████████▉| 346/350 [00:53<00:00,  6.92it/s] 99%|█████████▉| 347/350 [00:53<00:00,  6.93it/s] 99%|█████████▉| 348/350 [00:53<00:00,  6.93it/s]100%|█████████▉| 349/350 [00:53<00:00,  6.93it/s]100%|██████████| 350/350 [00:54<00:00,  6.93it/s]100%|██████████| 350/350 [00:54<00:00,  6.47it/s]
11:00 bilby INFO    : Resampling done, sum of weights for events are 0.0 0.0 0.1 0.0 0.2 0.0 0.0 0.0 0.0 0.0 0.0 0.0 0.0 0.0 0.0 0.0 0.0 0.0 0.0 0.0 0.0 0.0 0.0 0.0 0.0 0.0 0.0 0.0 0.1 0.0 0.0 0.2 0.1 0.0 0.3 0.0 0.0 0.0 0.0 0.0 0.0 0.0 0.1 0.0 0.0 0.3 0.3 0.2 0.0 0.0 0.3 0.2 0.0 0.3 0.0 0.0 0.0 0.0 0.0 0.3 0.0 0.0 0.0 0.0 0.0 0.0 0.0 0.0 0.2
